C51 COMPILER V9.60.7.0   DATAFLASH                                                         07/19/2024 17:31:56 PAGE 1   


C51 COMPILER V9.60.7.0, COMPILATION OF MODULE DATAFLASH
OBJECT MODULE PLACED IN .\obj\DataFlash.obj
COMPILER INVOKED BY: D:\Keil_v5\C51\BIN\C51.EXE src\DataFlash.c LARGE OPTIMIZE(8,SPEED) BROWSE INCDIR(.\Drivers\inc;.\Dr
                    -ivers\src;.\src;.\inc) DEBUG OBJECTEXTEND PRINT(.\list\DataFlash.lst) TABS(2) OBJECT(.\obj\DataFlash.obj)

line level    source

   1          //===============================================================================================
   2          #include  "inc/Global.h"
   3          //======================================================
   4          // peripheral setting routines
   5          //======================================================
   6          unsigned char xdata eeprom_address1  _at_   0X1FE0; 
   7          unsigned char xdata eeprom_address2  _at_   0X1FE1;
   8          /*==========================================================================*/
   9          /*==========================================================================*/
  10          /*==========================================================================*/
  11          //-------------------------------------------------------------------------
  12          void LoadFlashData(void)
  13          {
  14   1        GearState=eeprom_address1;
  15   1        if(GearState>4)
  16   1        {
  17   2          GearState=0;
  18   2          eeprom_address1=GearState;
  19   2          bUpdateFlash=1;
  20   2        }
  21   1        else bUpdateFlash=0;
  22   1        UpdateFlashData();
  23   1      }
  24          //-------------------------------------------------------------------------
  25          void UpdateFlashData(void)
  26          {
  27   1        if(bUpdateFlash)
  28   1        {
  29   2          bUpdateFlash=0;
  30   2          EA=0; 
  31   2          LVRPD=0X38;
  32   2          AUX2=0x06;
  33   2          IAPWE_SFR=0x47;//ø™∆ÙIAP    
  34   2          SELFCK=0;
  35   2          while((SWCMD&0x01)==0)    //…Í«ÎIAP        
  36   2          { 
  37   3            SWCMD=0x65;   
  38   3          }    
  39   2          eeprom_address1=GearState;
  40   2          SWCMD=0x00;
  41   2          SELFCK=1;
  42   2          LVRPD=0X00;
  43   2          IAPWE_SFR=0x00;
  44   2          EA=1;
  45   2        }
  46   1      }
  47          //-------------------------------------------------------------------------
  48          //-------------------------------------------------------------------------


MODULE INFORMATION:   STATIC OVERLAYABLE
   CODE SIZE        =     91    ----
   CONSTANT SIZE    =   ----    ----
   XDATA SIZE       =   ----    ----
C51 COMPILER V9.60.7.0   DATAFLASH                                                         07/19/2024 17:31:56 PAGE 2   

   PDATA SIZE       =   ----    ----
   DATA SIZE        =   ----    ----
   IDATA SIZE       =   ----    ----
   BIT SIZE         =   ----    ----
END OF MODULE INFORMATION.


C51 COMPILATION COMPLETE.  0 WARNING(S),  0 ERROR(S)
