C51 COMPILER V9.60.7.0   MODEOFFFUNCTION                                                   07/19/2024 17:31:56 PAGE 1   


C51 COMPILER V9.60.7.0, COMPILATION OF MODULE MODEOFFFUNCTION
OBJECT MODULE PLACED IN .\obj\ModeOffFunction.obj
COMPILER INVOKED BY: D:\Keil_v5\C51\BIN\C51.EXE src\ModeOffFunction.c LARGE OPTIMIZE(8,SPEED) BROWSE INCDIR(.\Drivers\in
                    -c;.\Drivers\src;.\src;.\inc) DEBUG OBJECTEXTEND PRINT(.\list\ModeOffFunction.lst) TABS(2) OBJECT(.\obj\ModeOffFunction.o
                    -bj)

line level    source

   1          #include "Global.h"
   2          /*--------------------------------------------------------------*/
   3          /*--------------------------------------------------------------*/
   4          void IniTurnOffMode(void)
   5          {
   6   1        StopPwmOutput();
   7   1        FireDisable;
   8   1        CapDisEnable;
   9   1        CoolDisable;
  10   1        FanTurnOff(); 
  11   1        KeyState=KeyPress;
  12   1        KeyValue=0;KeyBuffer0=0;KeyBuffer1=0; 
  13   1        TemCounter=0;
  14   1        TemState = TemNormal; 
  15   1        IniLedMode(LedTurnOff);
  16   1        MainState = TurnOffMode;
  17   1      }
  18          /*----------------------------------------------------------------------------*/
  19          void ModeTurnOff(void)
  20          {
  21   1        if(MainState!=TurnOffMode) return;  
  22   1        FireDisable;
  23   1        CoolDisable;
  24   1        FanTurnOff();
  25   1      //  ReadVersion();
  26   1      //  if(MainState!=TurnOffMode) break;
  27   1        if(KeyValue==KeyOnOffValue)
  28   1        {   
  29   2          PowerCtrlOn;
  30   2          KeyValue = 0;         
  31   2      //    LoadFlashData();
  32   2      //    if(FireCounter >= FireTimes)// || FreData==0)
  33   2      //    {
  34   2      //      FireCounter=0;//FireTimes;
  35   2      //      FlashState=1;
  36   2      //    }
  37   2          if(VinState == 0)
  38   2          {
  39   3            ErrorState=VinVolError;
  40   3            IniWarningMode();
  41   3            return;
  42   3          }
  43   2          else
  44   2          {           
  45   3            LedController();      
  46   3            FanTurnOn();
  47   3            /*----------------------------------------------------------*/
  48   3            /*----------------------------------------------------------*/
  49   3            ResetTouchIC();
*** WARNING C206 IN LINE 49 OF src\ModeOffFunction.c: 'ResetTouchIC': missing function-prototype
  50   3            DisChgErrorCnt=0;             
  51   3            CounterS=0;
  52   3            DelayStandby=0;
C51 COMPILER V9.60.7.0   MODEOFFFUNCTION                                                   07/19/2024 17:31:56 PAGE 2   

  53   3            IniWorkMode();
  54   3            bKeyTouchState=0;
  55   3            bKeyTouchDisState=0;
  56   3            BlinkCapChargeStart();
  57   3            return;
  58   3          }
  59   2          /*----------------------------------------------------------*/
  60   2        }
  61   1      }
  62          
  63          
  64          
  65          
  66          
  67          
  68          
  69          /*--------------------------------------------------------------*/


MODULE INFORMATION:   STATIC OVERLAYABLE
   CODE SIZE        =    133    ----
   CONSTANT SIZE    =   ----    ----
   XDATA SIZE       =   ----    ----
   PDATA SIZE       =   ----    ----
   DATA SIZE        =   ----    ----
   IDATA SIZE       =   ----    ----
   BIT SIZE         =   ----    ----
END OF MODULE INFORMATION.


C51 COMPILATION COMPLETE.  1 WARNING(S),  0 ERROR(S)
