C51 COMPILER V9.60.7.0   PWMFUNCTION                                                       07/19/2024 17:31:56 PAGE 1   


C51 COMPILER V9.60.7.0, COMPILATION OF MODULE PWMFUNCTION
OBJECT MODULE PLACED IN .\obj\PwmFunction.obj
COMPILER INVOKED BY: D:\Keil_v5\C51\BIN\C51.EXE src\PwmFunction.c LARGE OPTIMIZE(8,SPEED) BROWSE INCDIR(.\Drivers\inc;.\
                    -Drivers\src;.\src;.\inc) DEBUG OBJECTEXTEND PRINT(.\list\PwmFunction.lst) TABS(2) OBJECT(.\obj\PwmFunction.obj)

line level    source

   1          //module.c
   2          //
   3          #include "Global.h"
   4          /*-------------------------------------------------------------------------*/
   5          uint16_t PwmDuty;
   6          uint8_t   PwmState;
   7          /*-------------------------------------------------------------------------*/
   8          /*-------------------------------------------------------------------------*/
   9          void Pwm1Init(void)
  10          {
  11   1        EA=0;
  12   1        DisChargeDisable;
  13   1        PWMDisable;
  14   1          PWMCON2 |= PWMCON2_PWM0CLR_MASK;    // PWM0 Disable
  15   1          PWMCON2 &=~PWMCON2_PWM0IE_MASK;     // PWM0 Interrupt Disable
  16   1          
  17   1          PWMCON = (PWMCON & 0xFC) | 0x03; //PWM0时钟源FIRC*2
  18   1            
  19   1          //PWM0周期占空比 config
  20   1          PWM0DL = PwmDuty & 0xFF;                // PWM0 duty低8位
  21   1          PWM0DH = (PwmDuty >> 8) & 0xFF;         // PWM0 duty高8位 
  22   1          PWM0PRDL = PwmPeriod & 0xFF;               // PWM0 prd低八位  
  23   1          PWM0PRDH = (PwmPeriod >> 8) & 0xFF;        // PWM0 prd高八位
  24   1          
  25   1          //Config P02 for PWM0B output 
  26   1          PORTIDX = 0x00;   
  27   1          PINMOD32 = (PINMOD32 & ~PINMOD32_PINMOD2_MASK) | GPIO_PWMO_TxO_CKO; //P02 for PWM0B output enable
  28   1          
  29   1          PWMCON2 &=~PWMCON2_PWM0CLR_MASK;     // PWM0 enable
  30   1      
  31   1        PWMEnable;
  32   1        PwmState=1;
  33   1        DelayCapChgDsg=0;
  34   1        EA=1;
  35   1      }
  36          /*----------------------------------------------------------------------------*/
  37          void StopPwmOutput(void)
  38          {
  39   1        PWMDisable;
  40   1        PINMOD32 = (PINMOD32 & ~PINMOD32_PINMOD2_MASK) | 0x06; //P02 for P.P. output enable
  41   1        PWMLow;
  42   1        PwmState=0;
  43   1      }
  44          /*----------------------------------------------------------------------------*/
  45          void StartPwmOutput(void)
  46          {
  47   1        PWMDisable;
  48   1        PINMOD32 = (PINMOD32 & ~PINMOD32_PINMOD2_MASK) | GPIO_PWMO_TxO_CKO; //P02 for PWM0B output enable
  49   1        PwmState=1;
  50   1        PWMEnable;
  51   1      }
  52          /*----------------------------------------------------------------------------*/
  53          void  Pwm1SetDuty(uint16_t DutyData)
  54          {
C51 COMPILER V9.60.7.0   PWMFUNCTION                                                       07/19/2024 17:31:56 PAGE 2   

  55   1        PWMDisable;
  56   1        PWM0DL = DutyData & 0xFF;                // PWM0 duty低8位
  57   1        PWM0DH = (DutyData >> 8) & 0xFF;         // PWM0 duty高8位 
  58   1        PWMEnable;
  59   1      }
  60          /*----------------------------------------------------------------------------*/
  61          
  62          
  63          


MODULE INFORMATION:   STATIC OVERLAYABLE
   CODE SIZE        =    118    ----
   CONSTANT SIZE    =   ----    ----
   XDATA SIZE       =      3    ----
   PDATA SIZE       =   ----    ----
   DATA SIZE        =   ----    ----
   IDATA SIZE       =   ----    ----
   BIT SIZE         =   ----    ----
END OF MODULE INFORMATION.


C51 COMPILATION COMPLETE.  0 WARNING(S),  0 ERROR(S)
