C51 COMPILER V9.60.7.0   WARNINGFILE                                                       07/19/2024 17:31:56 PAGE 1   


C51 COMPILER V9.60.7.0, COMPILATION OF MODULE WARNINGFILE
OBJECT MODULE PLACED IN .\obj\WarningFile.obj
COMPILER INVOKED BY: D:\Keil_v5\C51\BIN\C51.EXE src\WarningFile.c LARGE OPTIMIZE(8,SPEED) BROWSE INCDIR(.\Drivers\inc;.\
                    -Drivers\src;.\src;.\inc) DEBUG OBJECTEXTEND PRINT(.\list\WarningFile.lst) TABS(2) OBJECT(.\obj\WarningFile.obj)

line level    source

   1          /*--------------------------------------------------------------*/
   2          #include "Global.h"
   3          /*--------------------------------------------------------------*/
   4          void IniWarningMode(void)
   5          {
   6   1        StopPwmOutput();
   7   1        FireDisable;
   8   1        DisChargeEnable;
   9   1        CoolCtrlOff;
  10   1        if(ErrorState!=VinVolError && ErrorState!=CapError)
  11   1        {
  12   2          if(ErrorState != FanVError) FanTurnOn();
  13   2        }
  14   1        else {FanTurnOff();}
  15   1        
  16   1        DelayStandby=0;
  17   1        
  18   1        IniLedMode(LedWarning);
  19   1        MainStateBak=MainState;
  20   1        MainState=WarningMode;
  21   1        
  22   1      }
  23          /*--------------------------------------------------------------*/
  24          void WarningFunction(void)
  25          {
  26   1        CoolDisable;
  27   1        if(KeyValue==KeyOnOffValue) { IniTurnOffMode();return;}
  28   1        if(DelayStandby>Delay5M && MainStateBak!=AgingMode) { IniTurnOffMode(); return; }
  29   1        if(ErrorState==CapError) return;
  30   1        if(ErrorState == VinVolError) return;
  31   1        if(ErrorState == LeakError) return;
  32   1        if(ErrorState == NtcError)
  33   1        {
  34   2          if(NtcState == NtcTemNormal) 
  35   2          {
  36   3               if(MainStateBak==AgingMode)  {IniAgeMode();BlinkCapChargeStart();return; }
  37   3               else if(MainStateBak==WorkingMode)   { TemState=1;IniWorkMode();BlinkCapChargeStart(); return; }
  38   3          }
  39   2          return;
  40   2        }
  41   1        if(ErrorState == FanVError)
  42   1        {
  43   2          if(FanState == FanStateOn)
  44   2          {
  45   3              if(MainStateBak==AgingMode) {return;}
  46   3              else {IniWorkMode();BlinkCapChargeStart();return;}
  47   3          }
  48   2        } 
  49   1      }
  50          
  51          /*--------------------------------------------------------------*/


MODULE INFORMATION:   STATIC OVERLAYABLE
C51 COMPILER V9.60.7.0   WARNINGFILE                                                       07/19/2024 17:31:56 PAGE 2   

   CODE SIZE        =    191    ----
   CONSTANT SIZE    =   ----    ----
   XDATA SIZE       =   ----    ----
   PDATA SIZE       =   ----    ----
   DATA SIZE        =   ----    ----
   IDATA SIZE       =   ----    ----
   BIT SIZE         =   ----    ----
END OF MODULE INFORMATION.


C51 COMPILATION COMPLETE.  0 WARNING(S),  0 ERROR(S)
